ConnectSysInfo( MODE_PCI | MODE_DMI )
CDialog::OnInitDialog()
Refresh( 0 )
BeginWaitCursor()
SysInfo->GetData(CPU_UPDATE_BASE + m_Mask, &TimerType)
GetOSInfo(OSName,OSType,OSCSD,OSVersion,OSBuild,OSInfo)
SysInfo->GetString(CPU_VENDOR_STRING,str)
m_VendorString.GetLength()
SysInfo->GetData(CPU_FLAG_BRAND,(DWORD*)&data)
SysInfo->GetString(CPU_FULL_NAME,str)
SysInfo->GetString(CPU_NAME_STRING,str)
SysInfo->GetString(CPU_CODE_NAME,str)
SysInfo->GetString(CPU_PROCESS_RULE,str)
SysInfo->GetString(CPU_PLATFORM_NAME,str)
SysInfo->GetString(CPU_TYPE_NAME,str)
cstr = str
cstr.Replace
m_CPUType  = cstr
SysInfo->GetString(CPU_FSB_MODE,str)
SysInfo->GetData(CPU_NUMBER,(DWORD*)&data)
SysInfo->GetData(CPU_CORE_NUMBER,(DWORD*)&data)
SysInfo->GetData(CPU_PLATFORM_ID,(DWORD*)&data)
SysInfo->GetData(CPU_MICROCODE_ID,(DWORD*)&data)
SysInfo->GetData(CPU_TYPE_ID,(DWORD*)&data)
SysInfo->GetString(CPU_CLOCK,str)
SysInfo->GetString(CPU_SYSTEM_BUS,str)
SysInfo->GetString(CPU_SYSTEM_CLOCK,str)
SysInfo->GetString(CPU_MULTIPLIER,str)
SysInfo->GetString(CPU_CLOCK_ORI,str)
atof(m_Clock) > 0.0 && atof(m_ClockOri) > 0.0
SysInfo->GetString(CPU_CACHE_SPEED,str)
m_CPUSelectC.ResetContent()
GlobalMemoryStatus(&MemStatus)
m_Memory.Format
SysInfo->GetData(CPU_FLAG_SPEED_STEP,(DWORD*)&data)
SysInfo->GetData(CPU_FLAG_POWER_NOW,(DWORD*)&data)
SysInfo->GetData(CPU_FLAG_LONG_HAUL,(DWORD*)&data)
SysInfo->GetData(CPU_FLAG_LONG_RUN,(DWORD*)&data)
m_Architecture = SysInfo->GetInfo(CPU_ARCHITECTURE,str)
UpdateData(FALSE)
EndWaitCursor()
ExitRefresh
CMenu *menu = GetMenu()
menu->RemoveMenu(SC_MAXIMIZE, FALSE)
IsCPUID()
SysInfo->GetData(SI_STATUS,&m_SysInfoStatus)
SysInfo->GetData(DMI_STATUS,&data)
SysInfo->GetString(CPU_CLOCK, str)
SysInfo->GetData(CPU_FLAG_PROCESSOR_SERIAL,&data)
SysInfo->GetString(CPU_VENDOR_STRING, str)
BOOL FlagExit = FALSE
Love Hammer & LongHaul Change Multiplier
SetMenu(menu)
DisconnectSysInfo()
